23-11-22 17:00:41:DEBUG   : Estou à escuta no 127.0.1.1:3333
23-11-22 17:00:45:DEBUG   : MESSAGE RECEIVED: "# Header
         MESSAGE-ID = 3874, FLAGS = Q+R, RESPONSE-CODE = 0,
         N-VALUES = 0, N-AUTHORITIES = 0, N-EXTRA-VALUES = 0,;
         # Data: Query Info
         QUERY-INFO.NAME = example.com., QUERY-INFO.TYPE = MX,;
         # Data: List of Response, Authorities and Extra Values
         RESPONSE-VALUES = (Null)
         AUTHORITIES-VALUES = (Null)
         EXTRA-VALUES = (Null) "
23-11-22 17:00:45:DEBUG   : Recebi uma mensagem do cliente ('127.0.0.1', 50675)
23-11-22 17:01:35:DEBUG   : MESSAGE RECEIVED: "
# Header
MESSAGE-ID = 3874, FLAGS = Q+R, RESPONSE-CODE = 0,
N-VALUES = 0, N-AUTHORITIES = 0, N-EXTRA-VALUES = 0,;
# Data: Query Info
QUERY-INFO.NAME = example.com., QUERY-INFO.TYPE = MX,;
# Data: List of Response, Authorities and Extra Values
RESPONSE-VALUES = (Null)
AUTHORITIES-VALUES = (Null)
EXTRA-VALUES = (Null) "
23-11-22 17:01:35:DEBUG   : Recebi uma mensagem do cliente ('127.0.0.1', 53314)
